<?xml version="1.0" encoding="UTF-8"?>
<testsuite name="pletain.demo.DemoApplicationTests" tests="1" skipped="0" failures="0" errors="0" timestamp="2021-10-11T07:24:06" hostname="DESKTOP-DMGTRSJ" time="0.133">
  <properties/>
  <testcase name="contextLoads()" classname="pletain.demo.DemoApplicationTests" time="0.133"/>
  <system-out><![CDATA[16:24:01.510 [Test worker] DEBUG org.springframework.test.context.BootstrapUtils - Instantiating CacheAwareContextLoaderDelegate from class [org.springframework.test.context.cache.DefaultCacheAwareContextLoaderDelegate]
16:24:01.525 [Test worker] DEBUG org.springframework.test.context.BootstrapUtils - Instantiating BootstrapContext using constructor [public org.springframework.test.context.support.DefaultBootstrapContext(java.lang.Class,org.springframework.test.context.CacheAwareContextLoaderDelegate)]
16:24:01.567 [Test worker] DEBUG org.springframework.test.context.BootstrapUtils - Instantiating TestContextBootstrapper for test class [pletain.demo.DemoApplicationTests] from class [org.springframework.boot.test.context.SpringBootTestContextBootstrapper]
16:24:01.583 [Test worker] INFO org.springframework.boot.test.context.SpringBootTestContextBootstrapper - Neither @ContextConfiguration nor @ContextHierarchy found for test class [pletain.demo.DemoApplicationTests], using SpringBootContextLoader
16:24:01.588 [Test worker] DEBUG org.springframework.test.context.support.AbstractContextLoader - Did not detect default resource location for test class [pletain.demo.DemoApplicationTests]: class path resource [pletain/demo/DemoApplicationTests-context.xml] does not exist
16:24:01.588 [Test worker] DEBUG org.springframework.test.context.support.AbstractContextLoader - Did not detect default resource location for test class [pletain.demo.DemoApplicationTests]: class path resource [pletain/demo/DemoApplicationTestsContext.groovy] does not exist
16:24:01.589 [Test worker] INFO org.springframework.test.context.support.AbstractContextLoader - Could not detect default resource locations for test class [pletain.demo.DemoApplicationTests]: no resource found for suffixes {-context.xml, Context.groovy}.
16:24:01.590 [Test worker] INFO org.springframework.test.context.support.AnnotationConfigContextLoaderUtils - Could not detect default configuration classes for test class [pletain.demo.DemoApplicationTests]: DemoApplicationTests does not declare any static, non-private, non-final, nested classes annotated with @Configuration.
16:24:01.643 [Test worker] DEBUG org.springframework.test.context.support.ActiveProfilesUtils - Could not find an 'annotation declaring class' for annotation type [org.springframework.test.context.ActiveProfiles] and class [pletain.demo.DemoApplicationTests]
16:24:01.725 [Test worker] DEBUG org.springframework.context.annotation.ClassPathScanningCandidateComponentProvider - Identified candidate component class: file [/root/test/Spring/build/classes/java/main/pletain/demo/DemoApplication.class]
16:24:01.729 [Test worker] INFO org.springframework.boot.test.context.SpringBootTestContextBootstrapper - Found @SpringBootConfiguration pletain.demo.DemoApplication for test class pletain.demo.DemoApplicationTests
16:24:01.850 [Test worker] DEBUG org.springframework.boot.test.context.SpringBootTestContextBootstrapper - @TestExecutionListeners is not present for class [pletain.demo.DemoApplicationTests]: using defaults.
16:24:01.851 [Test worker] INFO org.springframework.boot.test.context.SpringBootTestContextBootstrapper - Loaded default TestExecutionListener class names from location [META-INF/spring.factories]: [org.springframework.boot.test.autoconfigure.restdocs.RestDocsTestExecutionListener, org.springframework.boot.test.autoconfigure.web.client.MockRestServiceServerResetTestExecutionListener, org.springframework.boot.test.autoconfigure.web.servlet.MockMvcPrintOnlyOnFailureTestExecutionListener, org.springframework.boot.test.autoconfigure.web.servlet.WebDriverTestExecutionListener, org.springframework.boot.test.autoconfigure.webservices.client.MockWebServiceServerTestExecutionListener, org.springframework.boot.test.mock.mockito.MockitoTestExecutionListener, org.springframework.boot.test.mock.mockito.ResetMocksTestExecutionListener, org.springframework.test.context.web.ServletTestExecutionListener, org.springframework.test.context.support.DirtiesContextBeforeModesTestExecutionListener, org.springframework.test.context.event.ApplicationEventsTestExecutionListener, org.springframework.test.context.support.DependencyInjectionTestExecutionListener, org.springframework.test.context.support.DirtiesContextTestExecutionListener, org.springframework.test.context.transaction.TransactionalTestExecutionListener, org.springframework.test.context.jdbc.SqlScriptsTestExecutionListener, org.springframework.test.context.event.EventPublishingTestExecutionListener]
16:24:01.873 [Test worker] INFO org.springframework.boot.test.context.SpringBootTestContextBootstrapper - Using TestExecutionListeners: [org.springframework.test.context.web.ServletTestExecutionListener@5e1ad02f, org.springframework.test.context.support.DirtiesContextBeforeModesTestExecutionListener@1cd00be0, org.springframework.test.context.event.ApplicationEventsTestExecutionListener@446082b7, org.springframework.boot.test.mock.mockito.MockitoTestExecutionListener@58a81ae, org.springframework.boot.test.autoconfigure.SpringBootDependencyInjectionTestExecutionListener@d19a298, org.springframework.test.context.support.DirtiesContextTestExecutionListener@118a37d0, org.springframework.test.context.transaction.TransactionalTestExecutionListener@513f6a6c, org.springframework.test.context.jdbc.SqlScriptsTestExecutionListener@691614, org.springframework.test.context.event.EventPublishingTestExecutionListener@402469e3, org.springframework.boot.test.autoconfigure.restdocs.RestDocsTestExecutionListener@d0f280, org.springframework.boot.test.autoconfigure.web.client.MockRestServiceServerResetTestExecutionListener@2a1694fc, org.springframework.boot.test.autoconfigure.web.servlet.MockMvcPrintOnlyOnFailureTestExecutionListener@6207ee1c, org.springframework.boot.test.autoconfigure.web.servlet.WebDriverTestExecutionListener@18ff8ce, org.springframework.boot.test.autoconfigure.webservices.client.MockWebServiceServerTestExecutionListener@64c5e8d, org.springframework.boot.test.mock.mockito.ResetMocksTestExecutionListener@18e39bcc]
16:24:01.878 [Test worker] DEBUG org.springframework.test.context.support.AbstractDirtiesContextTestExecutionListener - Before test class: context [DefaultTestContext@42efc24e testClass = DemoApplicationTests, testInstance = [null], testMethod = [null], testException = [null], mergedContextConfiguration = [WebMergedContextConfiguration@4772ae76 testClass = DemoApplicationTests, locations = '{}', classes = '{class pletain.demo.DemoApplication}', contextInitializerClasses = '[]', activeProfiles = '{}', propertySourceLocations = '{}', propertySourceProperties = '{org.springframework.boot.test.context.SpringBootTestContextBootstrapper=true}', contextCustomizers = set[org.springframework.boot.test.autoconfigure.actuate.metrics.MetricsExportContextCustomizerFactory$DisableMetricExportContextCustomizer@6170f6f, org.springframework.boot.test.autoconfigure.properties.PropertyMappingContextCustomizer@0, org.springframework.boot.test.autoconfigure.web.servlet.WebDriverContextCustomizerFactory$Customizer@1aa2bfde, org.springframework.boot.test.context.filter.ExcludeFilterContextCustomizer@60036dd, org.springframework.boot.test.json.DuplicateJsonObjectContextCustomizerFactory$DuplicateJsonObjectContextCustomizer@45d0e48b, org.springframework.boot.test.mock.mockito.MockitoContextCustomizer@0, org.springframework.boot.test.web.client.TestRestTemplateContextCustomizer@2c7d4180, org.springframework.boot.test.context.SpringBootTestArgs@1, org.springframework.boot.test.context.SpringBootTestWebEnvironment@45732c33], resourceBasePath = 'src/main/webapp', contextLoader = 'org.springframework.boot.test.context.SpringBootContextLoader', parent = [null]], attributes = map['org.springframework.test.context.web.ServletTestExecutionListener.activateListener' -> true]], class annotated with @DirtiesContext [false] with mode [null].
16:24:01.917 [Test worker] DEBUG org.springframework.test.context.support.TestPropertySourceUtils - Adding inlined properties to environment: {spring.jmx.enabled=false, org.springframework.boot.test.context.SpringBootTestContextBootstrapper=true}

  .   ____          _            __ _ _
 /\\ / ___'_ __ _ _(_)_ __  __ _ \ \ \ \
( ( )\___ | '_ | '_| | '_ \/ _` | \ \ \ \
 \\/  ___)| |_)| | | | | || (_| |  ) ) ) )
  '  |____| .__|_| |_|_| |_\__, | / / / /
 =========|_|==============|___/=/_/_/_/
 :: Spring Boot ::                (v2.5.5)

2021-10-11 16:24:02.264  INFO 8775 --- [    Test worker] pletain.demo.DemoApplicationTests        : Starting DemoApplicationTests using Java 11.0.11 on DESKTOP-DMGTRSJ with PID 8775 (started by root in /root/test/Spring)
2021-10-11 16:24:02.267  INFO 8775 --- [    Test worker] pletain.demo.DemoApplicationTests        : No active profile set, falling back to default profiles: default
2021-10-11 16:24:03.150  INFO 8775 --- [    Test worker] .s.d.r.c.RepositoryConfigurationDelegate : Bootstrapping Spring Data JPA repositories in DEFAULT mode.
2021-10-11 16:24:03.217  INFO 8775 --- [    Test worker] .s.d.r.c.RepositoryConfigurationDelegate : Finished Spring Data repository scanning in 56 ms. Found 1 JPA repository interfaces.
2021-10-11 16:24:03.936  INFO 8775 --- [    Test worker] o.hibernate.jpa.internal.util.LogHelper  : HHH000204: Processing PersistenceUnitInfo [name: default]
2021-10-11 16:24:04.054  INFO 8775 --- [    Test worker] org.hibernate.Version                    : HHH000412: Hibernate ORM core version 5.4.32.Final
2021-10-11 16:24:04.260  INFO 8775 --- [    Test worker] o.hibernate.annotations.common.Version   : HCANN000001: Hibernate Commons Annotations {5.1.2.Final}
2021-10-11 16:24:04.410  INFO 8775 --- [    Test worker] com.zaxxer.hikari.HikariDataSource       : HikariPool-1 - Starting...
2021-10-11 16:24:04.501  INFO 8775 --- [    Test worker] com.zaxxer.hikari.HikariDataSource       : HikariPool-1 - Start completed.
2021-10-11 16:24:04.549  INFO 8775 --- [    Test worker] org.hibernate.dialect.Dialect            : HHH000400: Using dialect: org.hibernate.dialect.H2Dialect
2021-10-11 16:24:05.249  INFO 8775 --- [    Test worker] o.h.e.t.j.p.i.JtaPlatformInitiator       : HHH000490: Using JtaPlatform implementation: [org.hibernate.engine.transaction.jta.platform.internal.NoJtaPlatform]
2021-10-11 16:24:05.261  INFO 8775 --- [    Test worker] j.LocalContainerEntityManagerFactoryBean : Initialized JPA EntityManagerFactory for persistence unit 'default'
2021-10-11 16:24:06.009  WARN 8775 --- [    Test worker] JpaBaseConfiguration$JpaWebConfiguration : spring.jpa.open-in-view is enabled by default. Therefore, database queries may be performed during view rendering. Explicitly configure spring.jpa.open-in-view to disable this warning
2021-10-11 16:24:06.418  INFO 8775 --- [    Test worker] o.s.b.a.w.s.WelcomePageHandlerMapping    : Adding welcome page: class path resource [static/index.html]
2021-10-11 16:24:06.805  INFO 8775 --- [    Test worker] pletain.demo.DemoApplicationTests        : Started DemoApplicationTests in 4.88 seconds (JVM running for 6.089)
]]></system-out>
  <system-err><![CDATA[]]></system-err>
</testsuite>
